<?xml version="1.0" encoding="UTF-8"?>
<testng-results ignored="0" total="1" passed="1" failed="0" skipped="0">
  <reporter-output>
  </reporter-output>
  <suite started-at="2022-11-23T10:01:28 IST" name="Default suite" finished-at="2022-11-23T10:01:28 IST" duration-ms="201">
    <groups>
    </groups>
    <test started-at="2022-11-23T10:01:28 IST" name="Default test" finished-at="2022-11-23T10:01:28 IST" duration-ms="201">
      <class name="demo.SampleTest">
        <test-method signature="sample()[pri:0, instance:demo.SampleTest@56a6d5a6]" started-at="2022-11-23T10:01:28 IST" name="sample" finished-at="2022-11-23T10:01:28 IST" duration-ms="14" status="PASS">
          <reporter-output>
          </reporter-output>
        </test-method> <!-- sample -->
      </class> <!-- demo.SampleTest -->
    </test> <!-- Default test -->
  </suite> <!-- Default suite -->
</testng-results>
