<?xml version="1.0" encoding="UTF-8"?>
<testng-results ignored="0" total="1" passed="1" failed="0" skipped="0">
  <reporter-output>
  </reporter-output>
  <suite started-at="2022-11-24T10:47:40 IST" name="Default suite" finished-at="2022-11-24T10:47:40 IST" duration-ms="170">
    <groups>
    </groups>
    <test started-at="2022-11-24T10:47:40 IST" name="Default test" finished-at="2022-11-24T10:47:40 IST" duration-ms="170">
      <class name="Demo.SampleTest">
        <test-method signature="sample()[pri:0, instance:Demo.SampleTest@4e91d63f]" started-at="2022-11-24T10:47:40 IST" name="sample" finished-at="2022-11-24T10:47:40 IST" duration-ms="11" status="PASS">
          <reporter-output>
          </reporter-output>
        </test-method> <!-- sample -->
      </class> <!-- Demo.SampleTest -->
    </test> <!-- Default test -->
  </suite> <!-- Default suite -->
</testng-results>
